CRITICAL - 2022-11-11 18:51:33 --> syntax error, unexpected '?>', expecting function (T_FUNCTION) or const (T_CONST)
in APPPATH\Models\ProductoModel.php on line 48.
 1 SYSTEMPATH\Autoloader\Autoloader.php(259): CodeIgniter\Autoloader\Autoloader->includeFile('APPPATH\\Models\\ProductoModel.php')
 2 SYSTEMPATH\Autoloader\Autoloader.php(237): CodeIgniter\Autoloader\Autoloader->loadInNamespace('App\\Models\\ProductoModel')
 3 [internal function]: CodeIgniter\Autoloader\Autoloader->loadClass('App\\Models\\ProductoModel')
 4 APPPATH\Controllers\Producto.php(15): spl_autoload_call('App\\Models\\ProductoModel')
 5 SYSTEMPATH\CodeIgniter.php(869): App\Controllers\Producto->__construct()
 6 SYSTEMPATH\CodeIgniter.php(448): CodeIgniter\CodeIgniter->createController()
 7 SYSTEMPATH\CodeIgniter.php(340): CodeIgniter\CodeIgniter->handleRequest(null, Object(Config\Cache), false)
 8 FCPATH\index.php(67): CodeIgniter\CodeIgniter->run()
CRITICAL - 2022-11-11 20:55:32 --> Class 'App\Models\UsuarioModel' not found
in APPPATH\Controllers\Usuario.php on line 15.
 1 SYSTEMPATH\CodeIgniter.php(869): App\Controllers\Usuario->__construct()
 2 SYSTEMPATH\CodeIgniter.php(448): CodeIgniter\CodeIgniter->createController()
 3 SYSTEMPATH\CodeIgniter.php(340): CodeIgniter\CodeIgniter->handleRequest(null, Object(Config\Cache), false)
 4 FCPATH\index.php(67): CodeIgniter\CodeIgniter->run()
CRITICAL - 2022-11-11 20:56:18 --> Class 'App\Models\UsuarioModel' not found
in APPPATH\Controllers\Usuario.php on line 15.
 1 SYSTEMPATH\CodeIgniter.php(869): App\Controllers\Usuario->__construct()
 2 SYSTEMPATH\CodeIgniter.php(448): CodeIgniter\CodeIgniter->createController()
 3 SYSTEMPATH\CodeIgniter.php(340): CodeIgniter\CodeIgniter->handleRequest(null, Object(Config\Cache), false)
 4 FCPATH\index.php(67): CodeIgniter\CodeIgniter->run()
CRITICAL - 2022-11-11 20:56:19 --> Class 'App\Models\UsuarioModel' not found
in APPPATH\Controllers\Usuario.php on line 15.
 1 SYSTEMPATH\CodeIgniter.php(869): App\Controllers\Usuario->__construct()
 2 SYSTEMPATH\CodeIgniter.php(448): CodeIgniter\CodeIgniter->createController()
 3 SYSTEMPATH\CodeIgniter.php(340): CodeIgniter\CodeIgniter->handleRequest(null, Object(Config\Cache), false)
 4 FCPATH\index.php(67): CodeIgniter\CodeIgniter->run()
